<?xml version="1.0" encoding="UTF-8"?>
<testsuite xmlns:xsi="http://www.w3.org/2001/XMLSchema-instance" xsi:noNamespaceSchemaLocation="https://maven.apache.org/surefire/maven-surefire-plugin/xsd/surefire-test-report-3.0.xsd" version="3.0" name="com.npci.training.level7.Test01_ExtentReportsScreenshots" time="33.256" tests="5" errors="0" skipped="0" failures="0">
  <properties>
[...]
</properties>
  <testcase name="test01_ReportingIntro" classname="com.npci.training.level7.Test01_ExtentReportsScreenshots" time="0.603">
    <system-out><![CDATA[
╔════════════════════════════════════════════╗
║   PLAYWRIGHT LEVEL 7: REPORTS & SCREENSHOTS║
╚════════════════════════════════════════════╝

✓ Extent Reports initialized: reports/ExtentReport_2025-12-17_14-22-17.html
✓ Extent Reports initialized
✓ Playwright initialized
✓ Browser launched

╔════════════════════════════════════════════╗
║  STARTING: Test 1: Basic reporting introduction
╚════════════════════════════════════════════╝
  → Starting reporting introduction

=== Test 01: Reporting Introduction ===

📊 TEST REPORTING:

WHY REPORTING?
✅ Share results with team
✅ Track test execution history
✅ Identify failing tests quickly
✅ Screenshots for debugging
✅ Professional presentation
✅ Stakeholder communication

WHAT'S INCLUDED IN REPORTS?
1. Test execution status (Pass/Fail)
2. Test duration
3. Error messages
4. Screenshots
5. Logs and steps
6. System information
7. Test hierarchy
8. Filters and search

POPULAR REPORTING TOOLS:
- Extent Reports (HTML, beautiful UI)
- Allure Reports (Rich features)
- TestNG Reports (Built-in)
- Custom HTML Reports

THIS LEVEL USES:
✅ Extent Reports (most popular)
✅ Beautiful HTML output
✅ Screenshots embedded
✅ Dark/Light themes
✅ Easy to customize

  → Reporting introduction completed
Duration: 529ms
╚════════════════════════════════════════════╝

✅ PASSED: Test 1: Basic reporting introduction
]]></system-out>
  </testcase>
  <testcase name="test02_LoggingSteps" classname="com.npci.training.level7.Test01_ExtentReportsScreenshots" time="6.726">
    <system-out><![CDATA[
╔════════════════════════════════════════════╗
║  STARTING: Test 2: Logging test steps
╚════════════════════════════════════════════╝

=== Test 02: Logging Steps ===
  → Navigate to The Internet Herokuapp
  → Home page loaded
  → Click on 'Form Authentication'
  → Login page displayed
  → Enter username: tomsmith
  → Enter password
  → Credentials entered
  → Click login button
  → Verify login successful
  → Login successful

💡 LOGGING STEPS:

HOW TO LOG:

1. SIMPLE LOG:
   logStep("Navigate to login page");
   page.navigate("/login");

2. LOG WITH SCREENSHOT:
   logWithScreenshot("Login page displayed");

3. DIRECT EXTENT LOG:
   ExtentReportsManager.logInfo("Step description");
   ExtentReportsManager.logPass("Verification passed");
   ExtentReportsManager.logFail("Test failed");

4. LOG AND SCREENSHOT:
   logStep("Enter username");
   page.fill("#username", "admin");

   String base64 = ScreenshotUtils.takeScreenshotBase64(page);
   ExtentReportsManager.attachScreenshotBase64(base64, "Username entered");

BENEFITS:
✅ Clear test flow in report
✅ Visual evidence with screenshots
✅ Easy debugging
✅ Stakeholder understanding

Duration: 6721ms
╚════════════════════════════════════════════╝

✅ PASSED: Test 2: Logging test steps
]]></system-out>
  </testcase>
  <testcase name="test03_ScreenshotOnFailure" classname="com.npci.training.level7.Test01_ExtentReportsScreenshots" time="11.482">
    <system-out><![CDATA[
╔════════════════════════════════════════════╗
║  STARTING: Test 3: Screenshot on failure (intentional)
╚════════════════════════════════════════════╝

=== Test 03: Screenshot on Failure ===
  → Navigate to login page
  → Login page loaded
  → Enter incorrect credentials
  → Wrong credentials entered
  → Click login button
  → Verify login successful (will fail)
  → Login failed - Error message displayed

💡 SCREENSHOT ON FAILURE:

AUTOMATIC SCREENSHOT:
- Captured in @AfterEach if testFailed = true
- Attached to Extent Report
- Saved to screenshots folder

HOW IT WORKS:

1. In @AfterEach:
   if (testFailed && page != null) {
       String path = ScreenshotUtils.takeScreenshotOnFailure(
           page, testInfo.getDisplayName());

       String base64 = ScreenshotUtils.takeScreenshotBase64(page);
       ExtentReportsManager.attachScreenshotBase64(base64, "Failure");
   }

2. Mark test as failed:
   try {
       // Test logic
   } catch (Exception e) {
       markTestFailed();
       throw e;
   }

BENEFITS:
✅ Automatic failure screenshots
✅ No manual screenshot code
✅ Attached to reports
✅ Easy debugging
✅ Visual evidence

📸 Screenshot saved: screenshots/FAILED_Test_3__Screenshot_on_failure__intentional__20251217_142240_522.png
📸 Failure screenshot captured
Duration: 11478ms
╚════════════════════════════════════════════╝

✅ PASSED: Test 3: Screenshot on failure (intentional)
]]></system-out>
  </testcase>
  <testcase name="test04_BankingFlowWithReporting" classname="com.npci.training.level7.Test01_ExtentReportsScreenshots" time="8.51">
    <system-out><![CDATA[
╔════════════════════════════════════════════╗
║  STARTING: Test 4: Complete banking flow with reporting
╚════════════════════════════════════════════╝

=== Test 04: Banking Flow with Reporting ===
  → Step 1: Navigate to banking portal
  → Banking portal home page
  → Step 2: Enter username
  → Step 3: Enter password
  → Credentials entered
  → Step 4: Click login button
  → After login click
  → Step 5: Verify login successful
  → Dashboard loaded successfully
  → Step 6: Click logout
  → After logout
  → Step 7: Verify logout successful
  → Logged out successfully

💡 COMPLETE TEST REPORTING:

BEST PRACTICES:

1. LOG EVERY MAJOR STEP:
   logStep("Navigate to dashboard");
   logStep("Click transfer button");
   logStep("Enter amount");

2. SCREENSHOT IMPORTANT STATES:
   - Before action
   - After action
   - On verification
   - On failure

3. USE PROPER LOG LEVELS:
   ExtentReportsManager.logInfo("Navigation");
   ExtentReportsManager.logPass("Verification passed");
   ExtentReportsManager.logFail("Test failed");
   ExtentReportsManager.logWarning("Warning message");

4. CLEAR STEP DESCRIPTIONS:
   ✅ "Step 1: Navigate to login page"
   ✅ "Step 2: Enter username: admin"
   ❌ "Do something"
   ❌ "Test step"

5. ATTACH SCREENSHOTS:
   - Key checkpoints
   - Before/after actions
   - Failure states
   - Success states

REPORT STRUCTURE:

Test: Banking Login Flow
├── Step 1: Navigate to portal [Screenshot]
├── Step 2: Enter username [Log]
├── Step 3: Enter password [Screenshot]
├── Step 4: Click login [Log]
├── Step 5: Verify success [Screenshot]
└── Status: PASSED ✅

Duration: 3.5s
Screenshots: 5

Duration: 8505ms
╚════════════════════════════════════════════╝

✅ PASSED: Test 4: Complete banking flow with reporting
]]></system-out>
  </testcase>
  <testcase name="test05_ReportFeatures" classname="com.npci.training.level7.Test01_ExtentReportsScreenshots" time="0.332">
    <system-out><![CDATA[
╔════════════════════════════════════════════╗
║  STARTING: Test 5: Report features demonstration
╚════════════════════════════════════════════╝

=== Test 05: Report Features ===

📊 EXTENT REPORTS FEATURES:

WHAT'S IN THE REPORT?

1. DASHBOARD:
   - Total tests
   - Pass/Fail/Skip count
   - Pass percentage
   - Execution time
   - Environment info

2. TEST DETAILS:
   - Test name
   - Test status
   - Duration
   - Steps/Logs
   - Screenshots
   - Error messages
   - Stack traces

3. SYSTEM INFO:
   - Application name
   - Environment (QA/UAT/Prod)
   - Browser
   - OS
   - Java version
   - User

4. FEATURES:
   - Search tests
   - Filter by status
   - Timeline view
   - Category view
   - Export options
   - Dark/Light theme

5. SCREENSHOTS:
   - Embedded in report
   - Click to enlarge
   - Multiple per test
   - Failure screenshots
   - Step screenshots

HOW TO VIEW REPORT:

1. Run tests:
   mvn test

2. Report generated at:
   reports/ExtentReport_2024-12-17_10-30-45.html

3. Open in browser:
   - Double click HTML file
   - OR right-click → Open with browser

4. Navigate report:
   - Click tests to see details
   - View screenshots
   - Check logs
   - Filter by status

CUSTOMIZATION:

1. Change theme:
   sparkReporter.config().setTheme(Theme.DARK);
   sparkReporter.config().setTheme(Theme.STANDARD);

2. Add custom info:
   extent.setSystemInfo("Sprint", "Sprint 23");
   extent.setSystemInfo("Build", "1.2.3");

3. Custom report name:
   String name = "BankingTests_" + timestamp + ".html";

4. Custom CSS:
   sparkReporter.config().setCss("custom.css");

SHARING REPORTS:

1. Email:
   - Attach HTML file
   - All screenshots embedded

2. Shared drive:
   - Copy to network location
   - Team can access

3. CI/CD:
   - Archive in Jenkins
   - Publish as artifact
   - Email on failure

4. Cloud storage:
   - Upload to S3/GCS
   - Share link

Duration: 329ms
╚════════════════════════════════════════════╝

✅ PASSED: Test 5: Report features demonstration
]]></system-out>
  </testcase>
</testsuite>